#
# There is insufficient memory for the Java Runtime Environment to continue.
# Native memory allocation (mmap) failed to map 65536 bytes for Failed to commit metaspace.
# Possible reasons:
#   The system is out of physical RAM or swap space
#   The process is running with CompressedOops enabled, and the Java Heap may be blocking the growth of the native heap
# Possible solutions:
#   Reduce memory load on the system
#   Increase physical memory or swap space
#   Check if swap backing store is full
#   Decrease Java heap size (-Xmx/-Xms)
#   Decrease number of Java threads
#   Decrease Java thread stack sizes (-Xss)
#   Set larger code cache with -XX:ReservedCodeCacheSize=
#   JVM is running with Unscaled Compressed Oops mode in which the Java heap is
#     placed in the first 4GB address space. The Java Heap base address is the
#     maximum limit for the native heap growth. Please use -XX:HeapBaseMinAddress
#     to set the Java Heap base and to place the Java Heap above 4GB virtual address.
# This output file may be truncated or incomplete.
#
#  Out of Memory Error (virtualSpaceNode.cpp:108), pid=7396, tid=848
#
# JRE version: OpenJDK Runtime Environment (16.0.1+9) (build 16.0.1+9-24)
# Java VM: OpenJDK 64-Bit Server VM (16.0.1+9-24, mixed mode, tiered, compressed oops, compressed class ptrs, g1 gc, windows-amd64)
# No core dump will be written. Minidumps are not enabled by default on client versions of Windows
#

---------------  S U M M A R Y ------------

Command Line: -Dcom.sun.management.jmxremote -Dcom.sun.management.jmxremote.port=65212 -Dcom.sun.management.jmxremote.authenticate=false -Dcom.sun.management.jmxremote.ssl=false -Djava.rmi.server.hostname=localhost -Dspring.jmx.enabled=true -Dspring.application.admin.enabled=true -XX:TieredStopAtLevel=1 -Dspring.boot.project.name=sts1 -Dfile.encoding=Cp1252 -XX:+ShowCodeDetailsInExceptionMessages com.example.Sts1Application --spring.output.ansi.enabled=always

Host: Intel(R) Core(TM) i3-2370M CPU @ 2.40GHz, 4 cores, 3G,  Windows 10 , 64 bit Build 17134 (10.0.17134.753)
Time: Thu Jul 29 16:08:41 2021 India Standard Time elapsed time: 10.380205 seconds (0d 0h 0m 10s)

---------------  T H R E A D  ---------------

Current thread (0x00000252f3b5a040):  JavaThread "main" [_thread_in_vm, id=848, stack(0x00000079bdd00000,0x00000079bde00000)]

Stack: [0x00000079bdd00000,0x00000079bde00000]
Native frames: (J=compiled Java code, j=interpreted, Vv=VM code, C=native code)
V  [jvm.dll+0x6687ca]
V  [jvm.dll+0x7ca3c9]
V  [jvm.dll+0x7cbb53]
V  [jvm.dll+0x7cc1b3]
V  [jvm.dll+0x242ea5]
V  [jvm.dll+0x7c6a4b]
V  [jvm.dll+0x60e436]
V  [jvm.dll+0x1be93e]
V  [jvm.dll+0x610b91]
V  [jvm.dll+0x60ed31]
V  [jvm.dll+0x238690]
V  [jvm.dll+0x1ea53f]
V  [jvm.dll+0x1df8a1]
V  [jvm.dll+0x536728]
V  [jvm.dll+0x743011]
V  [jvm.dll+0x40775f]
V  [jvm.dll+0x40da82]
C  [java.dll+0x17c8]

Java frames: (J=compiled Java code, j=interpreted, Vv=VM code)
J 1219  java.lang.ClassLoader.defineClass1(Ljava/lang/ClassLoader;Ljava/lang/String;[BIILjava/security/ProtectionDomain;Ljava/lang/String;)Ljava/lang/Class; java.base@16.0.1 (0 bytes) @ 0x000002528085effb [0x000002528085ef40+0x00000000000000bb]
J 1237 c1 java.lang.ClassLoader.defineClass(Ljava/lang/String;[BIILjava/security/ProtectionDomain;)Ljava/lang/Class; java.base@16.0.1 (43 bytes) @ 0x0000025280868ddc [0x0000025280868ce0+0x00000000000000fc]
J 1344 c1 jdk.internal.loader.BuiltinClassLoader.defineClass(Ljava/lang/String;Ljdk/internal/loader/Resource;)Ljava/lang/Class; java.base@16.0.1 (121 bytes) @ 0x00000252808944bc [0x0000025280894020+0x000000000000049c]
J 1226 c1 jdk.internal.loader.BuiltinClassLoader.findClassOnClassPathOrNull(Ljava/lang/String;)Ljava/lang/Class; java.base@16.0.1 (64 bytes) @ 0x0000025280862d3c [0x0000025280862aa0+0x000000000000029c]
J 987 c1 jdk.internal.loader.BuiltinClassLoader.loadClassOrNull(Ljava/lang/String;Z)Ljava/lang/Class; java.base@16.0.1 (143 bytes) @ 0x00000252807f4e6c [0x00000252807f4a20+0x000000000000044c]
J 1140 c1 jdk.internal.loader.ClassLoaders$AppClassLoader.loadClass(Ljava/lang/String;Z)Ljava/lang/Class; java.base@16.0.1 (40 bytes) @ 0x000002528083e044 [0x000002528083df00+0x0000000000000144]
J 1128 c1 java.lang.ClassLoader.loadClass(Ljava/lang/String;)Ljava/lang/Class; java.base@16.0.1 (7 bytes) @ 0x0000025280837084 [0x0000025280837040+0x0000000000000044]
v  ~StubRoutines::call_stub
j  org.springframework.boot.autoconfigure.AutoConfigurationPackages$BasePackagesBeanDefinition.<init>([Ljava/lang/String;)V+16
j  org.springframework.boot.autoconfigure.AutoConfigurationPackages.register(Lorg/springframework/beans/factory/support/BeanDefinitionRegistry;[Ljava/lang/String;)V+42
j  org.springframework.boot.autoconfigure.AutoConfigurationPackages$Registrar.registerBeanDefinitions(Lorg/springframework/core/type/AnnotationMetadata;Lorg/springframework/beans/factory/support/BeanDefinitionRegistry;)V+24
j  org.springframework.context.annotation.ImportBeanDefinitionRegistrar.registerBeanDefinitions(Lorg/springframework/core/type/AnnotationMetadata;Lorg/springframework/beans/factory/support/BeanDefinitionRegistry;Lorg/springframework/beans/factory/support/BeanNameGenerator;)V+3
j  org.springframework.context.annotation.ConfigurationClassBeanDefinitionReader.lambda$loadBeanDefinitionsFromRegistrars$1(Lorg/springframework/context/annotation/ImportBeanDefinitionRegistrar;Lorg/springframework/core/type/AnnotationMetadata;)V+10
j  org.springframework.context.annotation.ConfigurationClassBeanDefinitionReader$$Lambda$430+0x000000010033b798.accept(Ljava/lang/Object;Ljava/lang/Object;)V+12
J 2466 c1 java.util.LinkedHashMap.forEach(Ljava/util/function/BiConsumer;)V java.base@16.0.1 (65 bytes) @ 0x0000025280a5635c [0x0000025280a562e0+0x000000000000007c]
j  org.springframework.context.annotation.ConfigurationClassBeanDefinitionReader.loadBeanDefinitionsFromRegistrars(Ljava/util/Map;)V+7
j  org.springframework.context.annotation.ConfigurationClassBeanDefinitionReader.loadBeanDefinitionsForConfigurationClass(Lorg/springframework/context/annotation/ConfigurationClass;Lorg/springframework/context/annotation/ConfigurationClassBeanDefinitionReader$TrackedConditionEvaluator;)V+126
j  org.springframework.context.annotation.ConfigurationClassBeanDefinitionReader.loadBeanDefinitions(Ljava/util/Set;)V+41
j  org.springframework.context.annotation.ConfigurationClassPostProcessor.processConfigBeanDefinitions(Lorg/springframework/beans/factory/support/BeanDefinitionRegistry;)V+386
j  org.springframework.context.annotation.ConfigurationClassPostProcessor.postProcessBeanDefinitionRegistry(Lorg/springframework/beans/factory/support/BeanDefinitionRegistry;)V+107
j  org.springframework.context.support.PostProcessorRegistrationDelegate.invokeBeanDefinitionRegistryPostProcessors(Ljava/util/Collection;Lorg/springframework/beans/factory/support/BeanDefinitionRegistry;Lorg/springframework/core/metrics/ApplicationStartup;)V+59
j  org.springframework.context.support.PostProcessorRegistrationDelegate.invokeBeanFactoryPostProcessors(Lorg/springframework/beans/factory/config/ConfigurableListableBeanFactory;Ljava/util/List;)V+235
j  org.springframework.context.support.AbstractApplicationContext.invokeBeanFactoryPostProcessors(Lorg/springframework/beans/factory/config/ConfigurableListableBeanFactory;)V+5
j  org.springframework.context.support.AbstractApplicationContext.refresh()V+53
j  org.springframework.boot.web.servlet.context.ServletWebServerApplicationContext.refresh()V+1
j  org.springframework.boot.SpringApplication.refresh(Lorg/springframework/context/ConfigurableApplicationContext;)V+1
j  org.springframework.boot.SpringApplication.refreshContext(Lorg/springframework/context/ConfigurableApplicationContext;)V+16
j  org.springframework.boot.SpringApplication.run([Ljava/lang/String;)Lorg/springframework/context/ConfigurableApplicationContext;+111
j  org.springframework.boot.SpringApplication.run([Ljava/lang/Class;[Ljava/lang/String;)Lorg/springframework/context/ConfigurableApplicationContext;+9
j  org.springframework.boot.SpringApplication.run(Ljava/lang/Class;[Ljava/lang/String;)Lorg/springframework/context/ConfigurableApplicationContext;+9
j  com.example.Sts1Application.main([Ljava/lang/String;)V+3
v  ~StubRoutines::call_stub

---------------  P R O C E S S  ---------------

Threads class SMR info:
_java_thread_list=0x00000252fed07f30, length=18, elements={
0x00000252f3b5a040, 0x00000252fdaf5010, 0x00000252fdaf89b0, 0x00000252fe4f04a0,
0x00000252fe4f5460, 0x00000252fe4f5d70, 0x00000252fe4f6aa0, 0x00000252fe4fad80,
0x00000252fe5066f0, 0x00000252fe51e1f0, 0x00000252fe692cf0, 0x00000252feb61020,
0x00000252feb461a0, 0x00000252feb6ce30, 0x00000252feb92d00, 0x00000252feb80f00,
0x00000252febc6430, 0x00000252febb8840
}

Java Threads: ( => current thread )
=>0x00000252f3b5a040 JavaThread "main" [_thread_in_vm, id=848, stack(0x00000079bdd00000,0x00000079bde00000)]
  0x00000252fdaf5010 JavaThread "Reference Handler" daemon [_thread_blocked, id=1416, stack(0x00000079be400000,0x00000079be500000)]
  0x00000252fdaf89b0 JavaThread "Finalizer" daemon [_thread_blocked, id=1116, stack(0x00000079be500000,0x00000079be600000)]
  0x00000252fe4f04a0 JavaThread "Signal Dispatcher" daemon [_thread_blocked, id=6176, stack(0x00000079be600000,0x00000079be700000)]
  0x00000252fe4f5460 JavaThread "Attach Listener" daemon [_thread_blocked, id=6184, stack(0x00000079be700000,0x00000079be800000)]
  0x00000252fe4f5d70 JavaThread "Service Thread" daemon [_thread_blocked, id=2180, stack(0x00000079be800000,0x00000079be900000)]
  0x00000252fe4f6aa0 JavaThread "Monitor Deflation Thread" daemon [_thread_blocked, id=7256, stack(0x00000079be900000,0x00000079bea00000)]
  0x00000252fe4fad80 JavaThread "C1 CompilerThread0" daemon [_thread_blocked, id=6740, stack(0x00000079bea00000,0x00000079beb00000)]
  0x00000252fe5066f0 JavaThread "Sweeper thread" daemon [_thread_blocked, id=7956, stack(0x00000079beb00000,0x00000079bec00000)]
  0x00000252fe51e1f0 JavaThread "Common-Cleaner" daemon [_thread_blocked, id=3860, stack(0x00000079bec00000,0x00000079bed00000)]
  0x00000252fe692cf0 JavaThread "Notification Thread" daemon [_thread_blocked, id=1696, stack(0x00000079bed00000,0x00000079bee00000)]
  0x00000252feb61020 JavaThread "RMI TCP Accept-0" daemon [_thread_in_native, id=7160, stack(0x00000079bef00000,0x00000079bf000000)]
  0x00000252feb461a0 JavaThread "RMI TCP Accept-65212" daemon [_thread_in_native, id=7196, stack(0x00000079bf000000,0x00000079bf100000)]
  0x00000252feb6ce30 JavaThread "RMI TCP Accept-0" daemon [_thread_in_native, id=5920, stack(0x00000079bf100000,0x00000079bf200000)]
  0x00000252feb92d00 JavaThread "RMI TCP Connection(1)-127.0.0.1" daemon [_thread_in_native, id=4304, stack(0x00000079bf300000,0x00000079bf400000)]
  0x00000252feb80f00 JavaThread "RMI Scheduler(0)" daemon [_thread_blocked, id=548, stack(0x00000079bf400000,0x00000079bf500000)]
  0x00000252febc6430 JavaThread "RMI TCP Connection(2)-127.0.0.1" daemon [_thread_in_native, id=5836, stack(0x00000079bf500000,0x00000079bf600000)]
  0x00000252febb8840 JavaThread "JMX server connection timeout 21" daemon [_thread_blocked, id=7324, stack(0x00000079bf600000,0x00000079bf700000)]

Other Threads:
  0x00000252fdade410 VMThread "VM Thread" [stack: 0x00000079be300000,0x00000079be400000] [id=6112]
  0x00000252feb6c1b0 WatcherThread [stack: 0x00000079bf200000,0x00000079bf300000] [id=6136]
  0x00000252f5baaa90 GCTaskThread "GC Thread#0" [stack: 0x00000079bde00000,0x00000079bdf00000] [id=2780]
  0x00000252fec000d0 GCTaskThread "GC Thread#1" [stack: 0x00000079bf700000,0x00000079bf800000] [id=1660]
  0x00000252fec800b0 GCTaskThread "GC Thread#2" [stack: 0x00000079bf800000,0x00000079bf900000] [id=7996]
  0x00000252fec803c0 GCTaskThread "GC Thread#3" [stack: 0x00000079bf900000,0x00000079bfa00000] [id=6468]
  0x00000252f5bb3820 ConcurrentGCThread "G1 Main Marker" [stack: 0x00000079bdf00000,0x00000079be000000] [id=3336]
  0x00000252f5bb6330 ConcurrentGCThread "G1 Conc#0" [stack: 0x00000079be000000,0x00000079be100000] [id=7424]
  0x00000252f5c018c0 ConcurrentGCThread "G1 Refine#0" [stack: 0x00000079be100000,0x00000079be200000] [id=5756]
  0x00000252fec806d0 ConcurrentGCThread "G1 Refine#1" [stack: 0x00000079bfa00000,0x00000079bfb00000] [id=8016]
  0x00000252fe6d7ad0 ConcurrentGCThread "G1 Refine#2" [stack: 0x00000079bfb00000,0x00000079bfc00000] [id=1404]
  0x00000252f5c03ea0 ConcurrentGCThread "G1 Service" [stack: 0x00000079be200000,0x00000079be300000] [id=6872]

Threads with active compile tasks:

VM state: not at safepoint (normal execution)

VM Mutex/Monitor currently owned by a thread:  ([mutex/lock_event])
[0x00000252f5b7ca00] MetaspaceExpand_lock - owner thread: 0x00000252f3b5a040

Heap address: 0x00000000c1600000, size: 1002 MB, Compressed Oops mode: 32-bit

CDS disabled.
Compressed class space mapped at: 0x0000000100000000-0x0000000140000000, reserved size: 1073741824
Narrow klass base: 0x0000000000000000, Narrow klass shift: 3, Narrow klass range: 0x140000000

GC Precious Log:
 CPUs: 4 total, 4 available
 Memory: 4000M
 Large Page Support: Disabled
 NUMA Support: Disabled
 Compressed Oops: Enabled (32-bit)
 Heap Region Size: 1M
 Heap Min Capacity: 8M
 Heap Initial Capacity: 64M
 Heap Max Capacity: 1002M
 Pre-touch: Disabled
 Parallel Workers: 4
 Concurrent Workers: 1
 Concurrent Refinement Workers: 4
 Periodic GC: Disabled

Heap:
 garbage-first heap   total 40960K, used 23137K [0x00000000c1600000, 0x0000000100000000)
  region size 1024K, 15 young (15360K), 2 survivors (2048K)
 Metaspace       used 27271K, committed 27584K, reserved 1081344K
  class space    used 3216K, committed 3392K, reserved 1048576K

Heap Regions: E=young(eden), S=young(survivor), O=old, HS=humongous(starts), HC=humongous(continues), CS=collection set, F=free, OA=open archive, CA=closed archive, TAMS=top-at-mark-start (previous, next)
|   0|0x00000000c1600000, 0x00000000c1700000, 0x00000000c1700000|100%|HS|  |TAMS 0x00000000c1700000, 0x00000000c1600000| Complete 
|   1|0x00000000c1700000, 0x00000000c1800000, 0x00000000c1800000|100%| O|  |TAMS 0x00000000c1800000, 0x00000000c1700000| Untracked 
|   2|0x00000000c1800000, 0x00000000c1900000, 0x00000000c1900000|100%| O|  |TAMS 0x00000000c1900000, 0x00000000c1800000| Untracked 
|   3|0x00000000c1900000, 0x00000000c1a00000, 0x00000000c1a00000|100%| O|  |TAMS 0x00000000c1a00000, 0x00000000c1900000| Untracked 
|   4|0x00000000c1a00000, 0x00000000c1b00000, 0x00000000c1b00000|100%| O|  |TAMS 0x00000000c1b00000, 0x00000000c1a00000| Untracked 
|   5|0x00000000c1b00000, 0x00000000c1c00000, 0x00000000c1c00000|100%| O|  |TAMS 0x00000000c1c00000, 0x00000000c1b00000| Untracked 
|   6|0x00000000c1c00000, 0x00000000c1d00000, 0x00000000c1d00000|100%| O|  |TAMS 0x00000000c1c00000, 0x00000000c1c00000| Untracked 
|   7|0x00000000c1d00000, 0x00000000c1d27600, 0x00000000c1e00000| 15%| O|  |TAMS 0x00000000c1d00000, 0x00000000c1d00000| Untracked 
|   8|0x00000000c1e00000, 0x00000000c1f00000, 0x00000000c1f00000|100%| O|  |TAMS 0x00000000c1e00000, 0x00000000c1e00000| Untracked 
|   9|0x00000000c1f00000, 0x00000000c1f9a200, 0x00000000c2000000| 60%| O|  |TAMS 0x00000000c1f00000, 0x00000000c1f00000| Untracked 
|  10|0x00000000c2000000, 0x00000000c2000000, 0x00000000c2100000|  0%| F|  |TAMS 0x00000000c2000000, 0x00000000c2000000| Untracked 
|  11|0x00000000c2100000, 0x00000000c2100000, 0x00000000c2200000|  0%| F|  |TAMS 0x00000000c2100000, 0x00000000c2100000| Untracked 
|  12|0x00000000c2200000, 0x00000000c2200000, 0x00000000c2300000|  0%| F|  |TAMS 0x00000000c2200000, 0x00000000c2200000| Untracked 
|  13|0x00000000c2300000, 0x00000000c2300000, 0x00000000c2400000|  0%| F|  |TAMS 0x00000000c2300000, 0x00000000c2300000| Untracked 
|  14|0x00000000c2400000, 0x00000000c2400000, 0x00000000c2500000|  0%| F|  |TAMS 0x00000000c2400000, 0x00000000c2400000| Untracked 
|  15|0x00000000c2500000, 0x00000000c2500000, 0x00000000c2600000|  0%| F|  |TAMS 0x00000000c2500000, 0x00000000c2500000| Untracked 
|  16|0x00000000c2600000, 0x00000000c2600000, 0x00000000c2700000|  0%| F|  |TAMS 0x00000000c2600000, 0x00000000c2600000| Untracked 
|  17|0x00000000c2700000, 0x00000000c2700000, 0x00000000c2800000|  0%| F|  |TAMS 0x00000000c2700000, 0x00000000c2700000| Untracked 
|  18|0x00000000c2800000, 0x00000000c2800000, 0x00000000c2900000|  0%| F|  |TAMS 0x00000000c2800000, 0x00000000c2800000| Untracked 
|  19|0x00000000c2900000, 0x00000000c2900000, 0x00000000c2a00000|  0%| F|  |TAMS 0x00000000c2900000, 0x00000000c2900000| Untracked 
|  20|0x00000000c2a00000, 0x00000000c2ad6c98, 0x00000000c2b00000| 83%| S|CS|TAMS 0x00000000c2a00000, 0x00000000c2a00000| Complete 
|  21|0x00000000c2b00000, 0x00000000c2c00000, 0x00000000c2c00000|100%| S|CS|TAMS 0x00000000c2b00000, 0x00000000c2b00000| Complete 
|  22|0x00000000c2c00000, 0x00000000c2c00000, 0x00000000c2d00000|  0%| F|  |TAMS 0x00000000c2c00000, 0x00000000c2c00000| Untracked 
|  23|0x00000000c2d00000, 0x00000000c2d00000, 0x00000000c2e00000|  0%| F|  |TAMS 0x00000000c2d00000, 0x00000000c2d00000| Untracked 
|  24|0x00000000c2e00000, 0x00000000c2e00000, 0x00000000c2f00000|  0%| F|  |TAMS 0x00000000c2e00000, 0x00000000c2e00000| Untracked 
|  25|0x00000000c2f00000, 0x00000000c2f00000, 0x00000000c3000000|  0%| F|  |TAMS 0x00000000c2f00000, 0x00000000c2f00000| Untracked 
|  26|0x00000000c3000000, 0x00000000c3000000, 0x00000000c3100000|  0%| F|  |TAMS 0x00000000c3000000, 0x00000000c3000000| Untracked 
|  27|0x00000000c3100000, 0x00000000c31e1ac8, 0x00000000c3200000| 88%| E|  |TAMS 0x00000000c3100000, 0x00000000c3100000| Complete 
|  28|0x00000000c3200000, 0x00000000c3300000, 0x00000000c3300000|100%| E|CS|TAMS 0x00000000c3200000, 0x00000000c3200000| Complete 
|  29|0x00000000c3300000, 0x00000000c3400000, 0x00000000c3400000|100%| E|CS|TAMS 0x00000000c3300000, 0x00000000c3300000| Complete 
|  30|0x00000000c3400000, 0x00000000c3500000, 0x00000000c3500000|100%| E|CS|TAMS 0x00000000c3400000, 0x00000000c3400000| Complete 
|  31|0x00000000c3500000, 0x00000000c3600000, 0x00000000c3600000|100%| E|CS|TAMS 0x00000000c3500000, 0x00000000c3500000| Complete 
|  32|0x00000000c3600000, 0x00000000c3700000, 0x00000000c3700000|100%| E|CS|TAMS 0x00000000c3600000, 0x00000000c3600000| Complete 
|  33|0x00000000c3700000, 0x00000000c3800000, 0x00000000c3800000|100%| E|CS|TAMS 0x00000000c3700000, 0x00000000c3700000| Complete 
|  34|0x00000000c3800000, 0x00000000c3900000, 0x00000000c3900000|100%| E|CS|TAMS 0x00000000c3800000, 0x00000000c3800000| Complete 
|  35|0x00000000c3900000, 0x00000000c3a00000, 0x00000000c3a00000|100%| E|CS|TAMS 0x00000000c3900000, 0x00000000c3900000| Complete 
|  36|0x00000000c3a00000, 0x00000000c3b00000, 0x00000000c3b00000|100%| E|CS|TAMS 0x00000000c3a00000, 0x00000000c3a00000| Complete 
|  58|0x00000000c5000000, 0x00000000c5100000, 0x00000000c5100000|100%| E|CS|TAMS 0x00000000c5000000, 0x00000000c5000000| Complete 
|  59|0x00000000c5100000, 0x00000000c5200000, 0x00000000c5200000|100%| E|CS|TAMS 0x00000000c5100000, 0x00000000c5100000| Complete 
|  63|0x00000000c5500000, 0x00000000c5600000, 0x00000000c5600000|100%| E|CS|TAMS 0x00000000c5500000, 0x00000000c5500000| Complete 

Card table byte_map: [0x00000252f92d0000,0x00000252f94d0000] _byte_map_base: 0x00000252f8cc5000

Marking Bits (Prev, Next): (CMBitMap*) 0x00000252f5bab0d0, (CMBitMap*) 0x00000252f5bab090
 Prev Bits: [0x00000252fa680000, 0x00000252fb628000)
 Next Bits: [0x00000252f96d0000, 0x00000252fa678000)

Polling page: 0x00000252f3d00000

Metaspace:

Usage:
  Non-class:     23.49 MB used.
      Class:      3.14 MB used.
       Both:     26.63 MB used.

Virtual space:
  Non-class space:       32.00 MB reserved,      23.63 MB ( 74%) committed,  4 nodes.
      Class space:        1.00 GB reserved,       3.31 MB ( <1%) committed,  1 nodes.
              Both:        1.03 GB reserved,      26.94 MB (  3%) committed. 

Chunk freelists:
   Non-Class:  3.55 MB
       Class:  753.00 KB
        Both:  4.28 MB

MaxMetaspaceSize: 17179869184.00 GB
CompressedClassSpaceSize: 1.00 GB
 - commit_granule_bytes: 65536.
 - commit_granule_words: 8192.
 - virtual_space_node_default_size: 1048576.
 - enlarge_chunks_in_place: 1.
 - new_chunks_are_fully_committed: 0.
 - uncommit_free_chunks: 1.
 - use_allocation_guard: 0.
 - handle_deallocations: 1.


Internal statistics:

num_allocs_failed_limit: 3.
num_arena_births: 336.
num_arena_deaths: 0.
num_vsnodes_births: 5.
num_vsnodes_deaths: 0.
num_space_committed: 431.
num_space_uncommitted: 0.
num_chunks_returned_to_freelist: 3.
num_chunks_taken_from_freelist: 919.
num_chunk_merges: 3.
num_chunk_splits: 618.
num_chunks_enlarged: 445.
num_purges: 0.

CodeHeap 'non-profiled nmethods': size=238912Kb used=3871Kb max_used=3871Kb free=235040Kb
 bounds [0x00000252806b0000, 0x0000025280a80000, 0x000002528f000000]
CodeHeap 'non-nmethods': size=6848Kb used=1178Kb max_used=1178Kb free=5669Kb
 bounds [0x0000025280000000, 0x0000025280270000, 0x00000252806b0000]
 total_blobs=3002 nmethods=2533 adapters=396
 compilation: enabled
              stopped_count=0, restarted_count=0
 full_count=0

Compilation events (20 events):
Event: 10.357 Thread 0x00000252fe4fad80 2523       1       org.springframework.util.ReflectionUtils::makeAccessible (36 bytes)
Event: 10.358 Thread 0x00000252fe4fad80 nmethod 2523 0x0000025280a74490 code [0x0000025280a74680, 0x0000025280a74928]
Event: 10.358 Thread 0x00000252fe4fad80 2521       1       sun.reflect.annotation.AnnotationParser::parseArray (227 bytes)
Event: 10.361 Thread 0x00000252fe4fad80 nmethod 2521 0x0000025280a74b10 code [0x0000025280a74e60, 0x0000025280a759e8]
Event: 10.361 Thread 0x00000252fe4fad80 2526       1       org.springframework.core.type.AnnotationMetadata$$Lambda$312/0x0000000100291538::apply (8 bytes)
Event: 10.361 Thread 0x00000252fe4fad80 nmethod 2526 0x0000025280a75f90 code [0x0000025280a76140, 0x0000025280a762b8]
Event: 10.361 Thread 0x00000252fe4fad80 2527       1       org.springframework.core.type.AnnotationMetadata::lambda$getAnnotationTypes$0 (10 bytes)
Event: 10.362 Thread 0x00000252fe4fad80 nmethod 2527 0x0000025280a76390 code [0x0000025280a76540, 0x0000025280a76638]
Event: 10.363 Thread 0x00000252fe4fad80 2528   !   1       org.springframework.boot.autoconfigure.condition.FilteringSpringBootCondition$ClassNameFilter::isPresent (19 bytes)
Event: 10.363 Thread 0x00000252fe4fad80 nmethod 2528 0x0000025280a76710 code [0x0000025280a768e0, 0x0000025280a76ab8]
Event: 10.363 Thread 0x00000252fe4fad80 2529       1       org.springframework.boot.autoconfigure.condition.FilteringSpringBootCondition::resolve (16 bytes)
Event: 10.364 Thread 0x00000252fe4fad80 nmethod 2529 0x0000025280a76c90 code [0x0000025280a76e60, 0x0000025280a76fc8]
Event: 10.364 Thread 0x00000252fe4fad80 2530       1       org.springframework.boot.context.properties.source.ConfigurationPropertyName$Elements::getSource (5 bytes)
Event: 10.364 Thread 0x00000252fe4fad80 nmethod 2530 0x0000025280a77110 code [0x0000025280a772a0, 0x0000025280a77378]
Event: 10.368 Thread 0x00000252fe4fad80 2531       1       java.util.IdentityHashMap::nextKeyIndex (15 bytes)
Event: 10.368 Thread 0x00000252fe4fad80 nmethod 2531 0x0000025280a77410 code [0x0000025280a775a0, 0x0000025280a77658]
Event: 10.369 Thread 0x00000252fe4fad80 2532       1       java.util.IdentityHashMap::get (60 bytes)
Event: 10.369 Thread 0x00000252fe4fad80 nmethod 2532 0x0000025280a77710 code [0x0000025280a778c0, 0x0000025280a77a88]
Event: 10.375 Thread 0x00000252fe4fad80 2533       1       org.springframework.core.type.StandardAnnotationMetadata::getAnnotations (5 bytes)
Event: 10.375 Thread 0x00000252fe4fad80 nmethod 2533 0x0000025280a77b90 code [0x0000025280a77d20, 0x0000025280a77df8]

GC Heap History (14 events):
Event: 2.158 GC heap before
{Heap before GC invocations=0 (full 0):
 garbage-first heap   total 65536K, used 14336K [0x00000000c1600000, 0x0000000100000000)
  region size 1024K, 13 young (13312K), 0 survivors (0K)
 Metaspace       used 13073K, committed 13312K, reserved 1064960K
  class space    used 1337K, committed 1472K, reserved 1048576K
}
Event: 2.172 GC heap after
{Heap after GC invocations=1 (full 0):
 garbage-first heap   total 65536K, used 5951K [0x00000000c1600000, 0x0000000100000000)
  region size 1024K, 2 young (2048K), 2 survivors (2048K)
 Metaspace       used 13073K, committed 13312K, reserved 1064960K
  class space    used 1337K, committed 1472K, reserved 1048576K
}
Event: 3.659 GC heap before
{Heap before GC invocations=1 (full 0):
 garbage-first heap   total 65536K, used 12095K [0x00000000c1600000, 0x0000000100000000)
  region size 1024K, 9 young (9216K), 2 survivors (2048K)
 Metaspace       used 15207K, committed 15424K, reserved 1064960K
  class space    used 1592K, committed 1728K, reserved 1048576K
}
Event: 3.671 GC heap after
{Heap after GC invocations=2 (full 0):
 garbage-first heap   total 65536K, used 7378K [0x00000000c1600000, 0x0000000100000000)
  region size 1024K, 2 young (2048K), 2 survivors (2048K)
 Metaspace       used 15207K, committed 15424K, reserved 1064960K
  class space    used 1592K, committed 1728K, reserved 1048576K
}
Event: 5.418 GC heap before
{Heap before GC invocations=2 (full 0):
 garbage-first heap   total 65536K, used 27858K [0x00000000c1600000, 0x0000000100000000)
  region size 1024K, 22 young (22528K), 2 survivors (2048K)
 Metaspace       used 20234K, committed 20480K, reserved 1073152K
  class space    used 2322K, committed 2432K, reserved 1048576K
}
Event: 5.426 GC heap after
{Heap after GC invocations=3 (full 0):
 garbage-first heap   total 65536K, used 9102K [0x00000000c1600000, 0x0000000100000000)
  region size 1024K, 3 young (3072K), 3 survivors (3072K)
 Metaspace       used 20234K, committed 20480K, reserved 1073152K
  class space    used 2322K, committed 2432K, reserved 1048576K
}
Event: 5.880 GC heap before
{Heap before GC invocations=3 (full 0):
 garbage-first heap   total 65536K, used 12174K [0x00000000c1600000, 0x0000000100000000)
  region size 1024K, 7 young (7168K), 3 survivors (3072K)
 Metaspace       used 21050K, committed 21248K, reserved 1073152K
  class space    used 2412K, committed 2496K, reserved 1048576K
}
Event: 5.886 GC heap after
{Heap after GC invocations=4 (full 0):
 garbage-first heap   total 65536K, used 9302K [0x00000000c1600000, 0x0000000100000000)
  region size 1024K, 2 young (2048K), 2 survivors (2048K)
 Metaspace       used 21050K, committed 21248K, reserved 1073152K
  class space    used 2412K, committed 2496K, reserved 1048576K
}
Event: 7.685 GC heap before
{Heap before GC invocations=5 (full 0):
 garbage-first heap   total 37888K, used 35926K [0x00000000c1600000, 0x0000000100000000)
  region size 1024K, 29 young (29696K), 2 survivors (2048K)
 Metaspace       used 24839K, committed 25152K, reserved 1073152K
  class space    used 2865K, committed 3008K, reserved 1048576K
}
Event: 7.692 GC heap after
{Heap after GC invocations=6 (full 0):
 garbage-first heap   total 40960K, used 10153K [0x00000000c1600000, 0x0000000100000000)
  region size 1024K, 3 young (3072K), 3 survivors (3072K)
 Metaspace       used 24839K, committed 25152K, reserved 1073152K
  class space    used 2865K, committed 3008K, reserved 1048576K
}
Event: 7.714 GC heap before
{Heap before GC invocations=6 (full 0):
 garbage-first heap   total 40960K, used 26537K [0x00000000c1600000, 0x0000000100000000)
  region size 1024K, 20 young (20480K), 3 survivors (3072K)
 Metaspace       used 24839K, committed 25152K, reserved 1073152K
  class space    used 2865K, committed 3008K, reserved 1048576K
}
Event: 7.720 GC heap after
{Heap after GC invocations=7 (full 0):
 garbage-first heap   total 40960K, used 10363K [0x00000000c1600000, 0x0000000100000000)
  region size 1024K, 2 young (2048K), 2 survivors (2048K)
 Metaspace       used 24839K, committed 25152K, reserved 1073152K
  class space    used 2865K, committed 3008K, reserved 1048576K
}
Event: 8.621 GC heap before
{Heap before GC invocations=7 (full 0):
 garbage-first heap   total 40960K, used 27771K [0x00000000c1600000, 0x0000000100000000)
  region size 1024K, 20 young (20480K), 2 survivors (2048K)
 Metaspace       used 26545K, committed 26880K, reserved 1073152K
  class space    used 3106K, committed 3264K, reserved 1048576K
}
Event: 8.626 GC heap after
{Heap after GC invocations=8 (full 0):
 garbage-first heap   total 40960K, used 10849K [0x00000000c1600000, 0x0000000100000000)
  region size 1024K, 2 young (2048K), 2 survivors (2048K)
 Metaspace       used 26545K, committed 26880K, reserved 1073152K
  class space    used 3106K, committed 3264K, reserved 1048576K
}

Deoptimization events (0 events):
No events

Classes unloaded (0 events):
No events

Classes redefined (0 events):
No events

Internal exceptions (20 events):
Event: 6.937 Thread 0x00000252f3b5a040 Exception <a 'java/lang/ClassNotFoundException'{0x00000000c2faee18}: org/springframework/beans/factory/BeanClassLoaderAwareCustomizer> (0x00000000c2faee18) 
thrown [t:\workspace\open\src\hotspot\share\classfile\systemDictionary.cpp, line 256]
Event: 6.938 Thread 0x00000252f3b5a040 Exception <a 'java/lang/ClassNotFoundException'{0x00000000c2fb33f0}: org/springframework/beans/factory/AwareCustomizer> (0x00000000c2fb33f0) 
thrown [t:\workspace\open\src\hotspot\share\classfile\systemDictionary.cpp, line 256]
Event: 6.939 Thread 0x00000252f3b5a040 Exception <a 'java/lang/ClassNotFoundException'{0x00000000c2fb6790}: org/springframework/context/EnvironmentAwareCustomizer> (0x00000000c2fb6790) 
thrown [t:\workspace\open\src\hotspot\share\classfile\systemDictionary.cpp, line 256]
Event: 6.940 Thread 0x00000252f3b5a040 Exception <a 'java/lang/ClassNotFoundException'{0x00000000c2fbace0}: org/springframework/beans/factory/AwareCustomizer> (0x00000000c2fbace0) 
thrown [t:\workspace\open\src\hotspot\share\classfile\systemDictionary.cpp, line 256]
Event: 7.065 Thread 0x00000252febc6430 Exception <a 'java/lang/reflect/InvocationTargetException'{0x00000000c55a4e88}> (0x00000000c55a4e88) 
thrown [t:\workspace\open\src\hotspot\share\runtime\reflection.cpp, line 1157]
Event: 7.575 Thread 0x00000252febc6430 Exception <a 'java/lang/reflect/InvocationTargetException'{0x00000000c55a8ed8}> (0x00000000c55a8ed8) 
thrown [t:\workspace\open\src\hotspot\share\runtime\reflection.cpp, line 1157]
Event: 8.127 Thread 0x00000252febc6430 Exception <a 'java/lang/reflect/InvocationTargetException'{0x00000000c321b860}> (0x00000000c321b860) 
thrown [t:\workspace\open\src\hotspot\share\runtime\reflection.cpp, line 1157]
Event: 8.265 Thread 0x00000252f3b5a040 Exception <a 'java/lang/IncompatibleClassChangeError'{0x00000000c316a420}: Found class java.lang.Object, but interface was expected> (0x00000000c316a420) 
thrown [t:\workspace\open\src\hotspot\share\interpreter\linkResolver.cpp, line 857]
Event: 8.416 Thread 0x00000252ff0b1890 Exception <a 'java/lang/NoSuchMethodError'{0x00000000c2ea8450}: 'long java.lang.invoke.DirectMethodHandle$Holder.invokeSpecial(java.lang.Object, java.lang.Object)'> (0x00000000c2ea8450) 
thrown [t:\workspace\open\src\hotspot\share\interpreter\linkResolver.cpp, line 790]
Event: 8.419 Thread 0x00000252ff0b1890 Exception <a 'java/lang/NoSuchMethodError'{0x00000000c2eb3648}: 'long java.lang.invoke.DirectMethodHandle$Holder.invokeStatic(java.lang.Object, java.lang.Object)'> (0x00000000c2eb3648) 
thrown [t:\workspace\open\src\hotspot\share\interpreter\linkResolver.cpp, line 790]
Event: 8.421 Thread 0x00000252ff0b1890 Exception <a 'java/lang/NoSuchMethodError'{0x00000000c2ec3d38}: 'long java.lang.invoke.DirectMethodHandle$Holder.invokeStaticInit(java.lang.Object, java.lang.Object)'> (0x00000000c2ec3d38) 
thrown [t:\workspace\open\src\hotspot\share\interpreter\linkResolver.cpp, line 790]
Event: 8.423 Thread 0x00000252f3b5a040 Exception <a 'java/lang/NoSuchMethodError'{0x00000000c2e6fc68}: 'void java.lang.invoke.DirectMethodHandle$Holder.invokeInterface(java.lang.Object, java.lang.Object, java.lang.Object, java.lang.Object)'> (0x00000000c2e6fc68) 
thrown [t:\workspace\open\src\hotspot\share\interpreter\linkResolver.cpp, line 790]
Event: 8.424 Thread 0x00000252ff0b1890 Exception <a 'java/lang/NoSuchMethodError'{0x00000000c2ed1bd0}: 'long java.lang.invoke.DirectMethodHandle$Holder.invokeInterface(java.lang.Object, java.lang.Object)'> (0x00000000c2ed1bd0) 
thrown [t:\workspace\open\src\hotspot\share\interpreter\linkResolver.cpp, line 790]
Event: 8.424 Thread 0x00000252ff0b1890 Exception <a 'java/lang/IncompatibleClassChangeError'{0x00000000c2ed5590}: Found class java.lang.Object, but interface was expected> (0x00000000c2ed5590) 
thrown [t:\workspace\open\src\hotspot\share\interpreter\linkResolver.cpp, line 857]
Event: 8.509 Thread 0x00000252ff0b1890 Exception <a 'java/lang/NoSuchMethodError'{0x00000000c2dff610}: 'java.lang.Object java.lang.invoke.DirectMethodHandle$Holder.invokeVirtual(java.lang.Object, java.lang.Object, java.lang.Object, java.lang.Object)'> (0x00000000c2dff610) 
thrown [t:\workspace\open\src\hotspot\share\interpreter\linkResolver.cpp, line 790]
Event: 8.647 Thread 0x00000252febc6430 Exception <a 'java/lang/reflect/InvocationTargetException'{0x00000000c5556260}> (0x00000000c5556260) 
thrown [t:\workspace\open\src\hotspot\share\runtime\reflection.cpp, line 1157]
Event: 8.921 Thread 0x00000252f3b5a040 Exception <a 'java/lang/NoSuchMethodError'{0x00000000c50744e0}: 'java.lang.Object java.lang.invoke.DirectMethodHandle$Holder.invokeStatic(java.lang.Object, java.lang.Object, int)'> (0x00000000c50744e0) 
thrown [t:\workspace\open\src\hotspot\share\interpreter\linkResolver.cpp, line 790]
Event: 8.923 Thread 0x00000252f3b5a040 Exception <a 'java/lang/NoSuchMethodError'{0x00000000c5080388}: 'void java.lang.invoke.DelegatingMethodHandle$Holder.delegate(java.lang.Object, java.lang.Object, int, java.lang.Object)'> (0x00000000c5080388) 
thrown [t:\workspace\open\src\hotspot\share\interpreter\linkResolver.cpp, line 790]
Event: 9.158 Thread 0x00000252febc6430 Exception <a 'java/lang/reflect/InvocationTargetException'{0x00000000c555a530}> (0x00000000c555a530) 
thrown [t:\workspace\open\src\hotspot\share\runtime\reflection.cpp, line 1157]
Event: 9.669 Thread 0x00000252febc6430 Exception <a 'java/lang/reflect/InvocationTargetException'{0x00000000c37517c0}> (0x00000000c37517c0) 
thrown [t:\workspace\open\src\hotspot\share\runtime\reflection.cpp, line 1157]

Events (20 events):
Event: 8.914 loading class java/lang/invoke/MethodHandleImpl$BindCaller$1
Event: 8.914 loading class java/lang/invoke/MethodHandleImpl$BindCaller$1 done
Event: 8.918 loading class java/lang/invoke/MethodHandleImpl$LoopClauses
Event: 8.919 loading class java/lang/invoke/MethodHandleImpl$LoopClauses done
Event: 8.919 loading class java/lang/invoke/MethodHandleImpl$ArrayAccess
Event: 8.919 loading class java/lang/invoke/MethodHandleImpl$ArrayAccess done
Event: 8.919 loading class java/lang/invoke/MethodHandleImpl$2
Event: 8.919 loading class java/lang/invoke/MethodHandleImpl$2 done
Event: 8.920 loading class java/lang/invoke/MethodHandleImpl$ArrayAccessor
Event: 8.920 loading class java/lang/invoke/MethodHandleImpl$ArrayAccessor done
Event: 8.920 loading class java/lang/invoke/MethodHandleImpl$ArrayAccessor$1
Event: 8.920 loading class java/lang/invoke/MethodHandleImpl$ArrayAccessor$1 done
Event: 8.920 loading class java/lang/ClassValue$ClassValueMap
Event: 8.921 loading class java/lang/ClassValue$ClassValueMap done
Event: 8.929 loading class java/lang/invoke/MethodHandleImpl$WrappedMember
Event: 8.929 loading class java/lang/invoke/MethodHandleImpl$WrappedMember done
Event: 9.560 loading class sun/security/util/ManifestEntryVerifier
Event: 9.560 loading class sun/security/util/ManifestEntryVerifier done
Event: 9.626 Executing  VM operation: Cleanup
Event: 9.641 Executing  VM operation: Cleanup done


Dynamic libraries:
0x00007ff6b42b0000 - 0x00007ff6b42be000 	F:\sts\sts-4.11.0.RELEASE\plugins\org.eclipse.justj.openjdk.hotspot.jre.full.win32.x86_64_16.0.1.v20210528-1205\jre\bin\javaw.exe
0x00007ff8bcbd0000 - 0x00007ff8bcdb1000 	C:\WINDOWS\SYSTEM32\ntdll.dll
0x00007ff8bc380000 - 0x00007ff8bc431000 	C:\WINDOWS\System32\KERNEL32.DLL
0x00007ff8b9130000 - 0x00007ff8b93a3000 	C:\WINDOWS\System32\KERNELBASE.dll
0x00007ff8b9c10000 - 0x00007ff8b9d08000 	C:\WINDOWS\System32\ucrtbase.dll
0x00007ff899290000 - 0x00007ff8992a8000 	F:\sts\sts-4.11.0.RELEASE\plugins\org.eclipse.justj.openjdk.hotspot.jre.full.win32.x86_64_16.0.1.v20210528-1205\jre\bin\jli.dll
0x00007ff8bac30000 - 0x00007ff8badc0000 	C:\WINDOWS\System32\USER32.dll
0x00007ff8b93b0000 - 0x00007ff8b93d0000 	C:\WINDOWS\System32\win32u.dll
0x00007ff8bcb70000 - 0x00007ff8bcb98000 	C:\WINDOWS\System32\GDI32.dll
0x00007ff8b8f90000 - 0x00007ff8b9121000 	C:\WINDOWS\System32\gdi32full.dll
0x00007ff8b9d10000 - 0x00007ff8b9daf000 	C:\WINDOWS\System32\msvcp_win.dll
0x00007ff898330000 - 0x00007ff898349000 	F:\sts\sts-4.11.0.RELEASE\plugins\org.eclipse.justj.openjdk.hotspot.jre.full.win32.x86_64_16.0.1.v20210528-1205\jre\bin\VCRUNTIME140.dll
0x00007ff8acd00000 - 0x00007ff8acf69000 	C:\WINDOWS\WinSxS\amd64_microsoft.windows.common-controls_6595b64144ccf1df_6.0.17134.1304_none_d3fbe61b7c93d9f0\COMCTL32.dll
0x00007ff8ba7e0000 - 0x00007ff8ba87e000 	C:\WINDOWS\System32\msvcrt.dll
0x00007ff8ba900000 - 0x00007ff8bac21000 	C:\WINDOWS\System32\combase.dll
0x00007ff8ba230000 - 0x00007ff8ba354000 	C:\WINDOWS\System32\RPCRT4.dll
0x00007ff8b93d0000 - 0x00007ff8b9449000 	C:\WINDOWS\System32\bcryptPrimitives.dll
0x00007ff8ba1f0000 - 0x00007ff8ba21d000 	C:\WINDOWS\System32\IMM32.DLL
0x00007ff8a2070000 - 0x00007ff8a207c000 	F:\sts\sts-4.11.0.RELEASE\plugins\org.eclipse.justj.openjdk.hotspot.jre.full.win32.x86_64_16.0.1.v20210528-1205\jre\bin\vcruntime140_1.dll
0x00007ff897dd0000 - 0x00007ff897e61000 	F:\sts\sts-4.11.0.RELEASE\plugins\org.eclipse.justj.openjdk.hotspot.jre.full.win32.x86_64_16.0.1.v20210528-1205\jre\bin\msvcp140.dll
0x00007ff8939c0000 - 0x00007ff89456b000 	F:\sts\sts-4.11.0.RELEASE\plugins\org.eclipse.justj.openjdk.hotspot.jre.full.win32.x86_64_16.0.1.v20210528-1205\jre\bin\server\jvm.dll
0x00007ff8ba070000 - 0x00007ff8ba111000 	C:\WINDOWS\System32\ADVAPI32.dll
0x00007ff8ba600000 - 0x00007ff8ba65b000 	C:\WINDOWS\System32\sechost.dll
0x00007ff8ba220000 - 0x00007ff8ba228000 	C:\WINDOWS\System32\PSAPI.DLL
0x00007ff8aa100000 - 0x00007ff8aa109000 	C:\WINDOWS\SYSTEM32\WSOCK32.dll
0x00007ff8bc6b0000 - 0x00007ff8bc71c000 	C:\WINDOWS\System32\WS2_32.dll
0x00007ff8b6c00000 - 0x00007ff8b6c23000 	C:\WINDOWS\SYSTEM32\WINMM.dll
0x00007ff8aa3b0000 - 0x00007ff8aa3ba000 	C:\WINDOWS\SYSTEM32\VERSION.dll
0x00007ff8b6bd0000 - 0x00007ff8b6bfa000 	C:\WINDOWS\SYSTEM32\WINMMBASE.dll
0x00007ff8b9450000 - 0x00007ff8b9499000 	C:\WINDOWS\System32\cfgmgr32.dll
0x00007ff8b8f00000 - 0x00007ff8b8f11000 	C:\WINDOWS\System32\kernel.appcore.dll
0x00007ff8ac220000 - 0x00007ff8ac22a000 	F:\sts\sts-4.11.0.RELEASE\plugins\org.eclipse.justj.openjdk.hotspot.jre.full.win32.x86_64_16.0.1.v20210528-1205\jre\bin\jimage.dll
0x00007ff8a80e0000 - 0x00007ff8a82a9000 	C:\WINDOWS\SYSTEM32\DBGHELP.DLL
0x00007ff8a66e0000 - 0x00007ff8a6709000 	C:\WINDOWS\SYSTEM32\dbgcore.DLL
0x00007ff89e130000 - 0x00007ff89e155000 	F:\sts\sts-4.11.0.RELEASE\plugins\org.eclipse.justj.openjdk.hotspot.jre.full.win32.x86_64_16.0.1.v20210528-1205\jre\bin\java.dll
0x00007ff8a7f20000 - 0x00007ff8a7f38000 	F:\sts\sts-4.11.0.RELEASE\plugins\org.eclipse.justj.openjdk.hotspot.jre.full.win32.x86_64_16.0.1.v20210528-1205\jre\bin\zip.dll
0x00007ff8badc0000 - 0x00007ff8bc205000 	C:\WINDOWS\System32\SHELL32.dll
0x00007ff8bc600000 - 0x00007ff8bc6a9000 	C:\WINDOWS\System32\shcore.dll
0x00007ff8b9500000 - 0x00007ff8b9c10000 	C:\WINDOWS\System32\windows.storage.dll
0x00007ff8ba400000 - 0x00007ff8ba451000 	C:\WINDOWS\System32\shlwapi.dll
0x00007ff8b8ed0000 - 0x00007ff8b8eef000 	C:\WINDOWS\System32\profapi.dll
0x00007ff8b8f20000 - 0x00007ff8b8f6c000 	C:\WINDOWS\System32\powrprof.dll
0x00007ff8b8ef0000 - 0x00007ff8b8efa000 	C:\WINDOWS\System32\FLTLIB.DLL
0x00007ff8a7a20000 - 0x00007ff8a7a39000 	F:\sts\sts-4.11.0.RELEASE\plugins\org.eclipse.justj.openjdk.hotspot.jre.full.win32.x86_64_16.0.1.v20210528-1205\jre\bin\net.dll
0x00007ff8ac530000 - 0x00007ff8ac60d000 	C:\WINDOWS\SYSTEM32\WINHTTP.dll
0x00007ff8b8750000 - 0x00007ff8b87b6000 	C:\WINDOWS\system32\mswsock.dll
0x00007ff89eca0000 - 0x00007ff89ecb3000 	F:\sts\sts-4.11.0.RELEASE\plugins\org.eclipse.justj.openjdk.hotspot.jre.full.win32.x86_64_16.0.1.v20210528-1205\jre\bin\nio.dll
0x00007ff8ab0f0000 - 0x00007ff8ab0f9000 	F:\sts\sts-4.11.0.RELEASE\plugins\org.eclipse.justj.openjdk.hotspot.jre.full.win32.x86_64_16.0.1.v20210528-1205\jre\bin\management.dll
0x00007ff8a30e0000 - 0x00007ff8a30eb000 	F:\sts\sts-4.11.0.RELEASE\plugins\org.eclipse.justj.openjdk.hotspot.jre.full.win32.x86_64_16.0.1.v20210528-1205\jre\bin\management_ext.dll
0x00007ff8a8310000 - 0x00007ff8a8326000 	C:\WINDOWS\system32\napinsp.dll
0x00007ff8a82c0000 - 0x00007ff8a82da000 	C:\WINDOWS\system32\pnrpnsp.dll
0x00007ff8b5800000 - 0x00007ff8b5819000 	C:\WINDOWS\system32\NLAapi.dll
0x00007ff8b84e0000 - 0x00007ff8b859e000 	C:\WINDOWS\SYSTEM32\DNSAPI.dll
0x00007ff8bc590000 - 0x00007ff8bc598000 	C:\WINDOWS\System32\NSI.dll
0x00007ff8b84a0000 - 0x00007ff8b84d8000 	C:\WINDOWS\SYSTEM32\IPHLPAPI.DLL
0x00007ff8a82b0000 - 0x00007ff8a82be000 	C:\WINDOWS\System32\winrnr.dll
0x00007ff8b1fb0000 - 0x00007ff8b1fc5000 	C:\WINDOWS\System32\wshbth.dll
0x00007ff8aae90000 - 0x00007ff8aae9a000 	C:\Windows\System32\rasadhlp.dll
0x00007ff8abd30000 - 0x00007ff8abda2000 	C:\WINDOWS\System32\fwpuclnt.dll
0x00007ff8b8a30000 - 0x00007ff8b8a55000 	C:\WINDOWS\SYSTEM32\bcrypt.dll
0x00007ff8b8900000 - 0x00007ff8b8917000 	C:\WINDOWS\SYSTEM32\CRYPTSP.dll
0x00007ff8b82a0000 - 0x00007ff8b82d3000 	C:\WINDOWS\system32\rsaenh.dll
0x00007ff8b8dd0000 - 0x00007ff8b8df8000 	C:\WINDOWS\SYSTEM32\USERENV.dll
0x00007ff8b8920000 - 0x00007ff8b892b000 	C:\WINDOWS\SYSTEM32\CRYPTBASE.dll
0x00007ff8b0980000 - 0x00007ff8b0996000 	C:\WINDOWS\SYSTEM32\dhcpcsvc6.DLL
0x00007ff8b0ca0000 - 0x00007ff8b0cba000 	C:\WINDOWS\SYSTEM32\dhcpcsvc.DLL
0x00007ff8ab3d0000 - 0x00007ff8ab3e0000 	F:\sts\sts-4.11.0.RELEASE\plugins\org.eclipse.justj.openjdk.hotspot.jre.full.win32.x86_64_16.0.1.v20210528-1205\jre\bin\verify.dll

dbghelp: loaded successfully - version: 4.0.5 - missing functions: none
symbol engine: initialized successfully - sym options: 0x614 - pdb path: .;F:\sts\sts-4.11.0.RELEASE\plugins\org.eclipse.justj.openjdk.hotspot.jre.full.win32.x86_64_16.0.1.v20210528-1205\jre\bin;C:\WINDOWS\SYSTEM32;C:\WINDOWS\WinSxS\amd64_microsoft.windows.common-controls_6595b64144ccf1df_6.0.17134.1304_none_d3fbe61b7c93d9f0;F:\sts\sts-4.11.0.RELEASE\plugins\org.eclipse.justj.openjdk.hotspot.jre.full.win32.x86_64_16.0.1.v20210528-1205\jre\bin\server

VM Arguments:
jvm_args: -Dcom.sun.management.jmxremote -Dcom.sun.management.jmxremote.port=65212 -Dcom.sun.management.jmxremote.authenticate=false -Dcom.sun.management.jmxremote.ssl=false -Djava.rmi.server.hostname=localhost -Dspring.jmx.enabled=true -Dspring.application.admin.enabled=true -XX:TieredStopAtLevel=1 -Dspring.boot.project.name=sts1 -Dfile.encoding=Cp1252 -XX:+ShowCodeDetailsInExceptionMessages 
java_command: com.example.Sts1Application --spring.output.ansi.enabled=always
java_class_path (initial): F:\training\STS\sts1\bin\main;C:\Users\LENOVO\.gradle\caches\modules-2\files-2.1\org.springframework.boot\spring-boot-starter-data-jpa\2.5.3\6e57512b8907710566daf2b246c724de3e38ad14\spring-boot-starter-data-jpa-2.5.3.jar;C:\Users\LENOVO\.gradle\caches\modules-2\files-2.1\org.springframework.boot\spring-boot-starter-web\2.5.3\2cb23f2928177eeb9be81036623f4350a86a433\spring-boot-starter-web-2.5.3.jar;C:\Users\LENOVO\.gradle\caches\modules-2\files-2.1\org.springframework.boot\spring-boot-starter-aop\2.5.3\45a790c9abe248865e0ad2d1f8622d55877eb4f7\spring-boot-starter-aop-2.5.3.jar;C:\Users\LENOVO\.gradle\caches\modules-2\files-2.1\org.springframework.boot\spring-boot-starter-jdbc\2.5.3\ffc2a4b05d901775e5a96cc73450a1d072baecfa\spring-boot-starter-jdbc-2.5.3.jar;C:\Users\LENOVO\.gradle\caches\modules-2\files-2.1\jakarta.transaction\jakarta.transaction-api\1.3.3\c4179d48720a1e87202115fbed6089bdc4195405\jakarta.transaction-api-1.3.3.jar;C:\Users\LENOVO\.gradle\caches\modules-2\files-2.1\jakarta.persistence\jakarta.persistence-api\2.2.3\8f6ea5daedc614f07a3654a455660145286f024e\jakarta.persistence-api-2.2.3.jar;C:\Users\LENOVO\.gradle\caches\modules-2\files-2.1\org.hibernate\hibernate-core\5.4.32.Final\99a5e10bf455337014c190e141ec631e9ff71663\hibernate-core-5.4.32.Final.jar;C:\Users\LENOVO\.gradle\caches\modules-2\files-2.1\org.springframework.data\spring-data-jpa\2.5.3\41db71033651f476fbc62a485387a4e891ec9940\spring-data-jpa-2.5.3.jar;C:\Users\LENOVO\.gradle\caches\modules-2\files-2.1\org.springframework\spring-aspects\5.3.9\ee2c3f8f99e1f115f502a7e47e632b1ed229e766\spring-aspects-5.3.9.jar;C:\Users\LENOVO\.gradle\caches\modules-2\files-2.1\org.springframework.boot\spring-boot-starter-json\2.5.3\10336b02e83756f916c0d9510555046cacfc2005\spring-boot-starter-json-2.5.3.jar;C:\Users\LENOVO\.gradle\caches\modules-2\files-2.1\org.springframework.boot\spring-boot-starter\2.5.3\2e16fb3d63961548468a2cd70015d4b1be968fd4\spring-boot-starter-2.5.3.jar;C:\Users\
Launcher Type: SUN_STANDARD

[Global flags]
     intx CICompilerCount                          = 3                                         {product} {ergonomic}
     uint ConcGCThreads                            = 1                                         {product} {ergonomic}
     uint G1ConcRefinementThreads                  = 4                                         {product} {ergonomic}
   size_t G1HeapRegionSize                         = 1048576                                   {product} {ergonomic}
    uintx GCDrainStackTargetSize                   = 64                                        {product} {ergonomic}
   size_t InitialHeapSize                          = 67108864                                  {product} {ergonomic}
     bool ManagementServer                         = true                                      {product} {command line}
   size_t MarkStackSize                            = 4194304                                   {product} {ergonomic}
   size_t MaxHeapSize                              = 1050673152                                {product} {ergonomic}
   size_t MaxNewSize                               = 630194176                                 {product} {ergonomic}
   size_t MinHeapDeltaBytes                        = 1048576                                   {product} {ergonomic}
   size_t MinHeapSize                              = 8388608                                   {product} {ergonomic}
    uintx NonNMethodCodeHeapSize                   = 6973028                                {pd product} {ergonomic}
    uintx NonProfiledCodeHeapSize                  = 244685212                              {pd product} {ergonomic}
    uintx ProfiledCodeHeapSize                     = 0                                      {pd product} {ergonomic}
    uintx ReservedCodeCacheSize                    = 251658240                              {pd product} {ergonomic}
     bool SegmentedCodeCache                       = true                                      {product} {ergonomic}
     bool ShowCodeDetailsInExceptionMessages       = true                                   {manageable} {command line}
   size_t SoftMaxHeapSize                          = 1050673152                             {manageable} {ergonomic}
     intx TieredStopAtLevel                        = 1                                         {product} {command line}
     bool UseCompressedClassPointers               = true                           {product lp64_product} {ergonomic}
     bool UseCompressedOops                        = true                           {product lp64_product} {ergonomic}
     bool UseG1GC                                  = true                                      {product} {ergonomic}
     bool UseLargePagesIndividualAllocation        = false                                  {pd product} {ergonomic}

Logging:
Log output configuration:
 #0: stdout all=warning uptime,level,tags
 #1: stderr all=off uptime,level,tags

Environment Variables:
PATH=F:/sts/sts-4.11.0.RELEASE//plugins/org.eclipse.justj.openjdk.hotspot.jre.full.win32.x86_64_16.0.1.v20210528-1205/jre/bin/server;F:/sts/sts-4.11.0.RELEASE//plugins/org.eclipse.justj.openjdk.hotspot.jre.full.win32.x86_64_16.0.1.v20210528-1205/jre/bin;C:\oraclexe\app\oracle\product\11.2.0\server\bin;;C:\Program Files (x86)\Common Files\Oracle\Java\javapath;C:\WINDOWS\system32;C:\WINDOWS;C:\WINDOWS\System32\Wbem;C:\WINDOWS\System32\WindowsPowerShell\v1.0\;C:\WINDOWS\System32\OpenSSH\;C:\Program Files\Java\jdk1.8.0_291\bin;F:\sts\sts-4.11.0.RELEASE;
USERNAME=LENOVO
OS=Windows_NT
PROCESSOR_IDENTIFIER=Intel64 Family 6 Model 42 Stepping 7, GenuineIntel



---------------  S Y S T E M  ---------------

OS:
 Windows 10 , 64 bit Build 17134 (10.0.17134.753)
OS uptime: 0 days 4:22 hours

CPU: total 4 (initial active 4) (2 cores per cpu, 2 threads per core) family 6 model 42 stepping 7 microcode 0x2e, cx8, cmov, fxsr, ht, mmx, sse, sse2, sse3, ssse3, sse4.1, sse4.2, popcnt, tsc, tscinvbit, avx, clmul, vzeroupper, clflush

Memory: 4k page, system-wide physical 4000M (455M free)
TotalPageFile size 4000M (AvailPageFile size 7M)
current process WorkingSet (physical memory assigned to process): 112M, peak: 112M
current process commit charge ("private bytes"): 139M, peak: 154M

vm_info: OpenJDK 64-Bit Server VM (16.0.1+9-24) for windows-amd64 JRE (16.0.1+9-24), built on Mar 26 2021 19:30:07 by "mach5one" with MS VC++ 16.7 (VS2019)

END.
